select * from functional_kudu.zipcode_incomes where id = '8600000US00601'
---- PLAN
F00:PLAN FRAGMENT [UNPARTITIONED] hosts=1 instances=1
  PLAN-ROOT SINK
  |  mem-estimate=0B mem-reservation=0B
  |
  00:SCAN KUDU [functional_kudu.zipcode_incomes]
     kudu predicates: id = '8600000US00601'
     mem-estimate=0B mem-reservation=0B
     tuple-ids=0 row-size=124B cardinality=1
---- DISTRIBUTEDPLAN
F01:PLAN FRAGMENT [UNPARTITIONED] hosts=1 instances=1
  PLAN-ROOT SINK
  |  mem-estimate=0B mem-reservation=0B
  |
  01:EXCHANGE [UNPARTITIONED]
     mem-estimate=0B mem-reservation=0B
     tuple-ids=0 row-size=124B cardinality=1

F00:PLAN FRAGMENT [RANDOM] hosts=3 instances=3
  DATASTREAM SINK [FRAGMENT=F01, EXCHANGE=01, UNPARTITIONED]
  |  mem-estimate=0B mem-reservation=0B
  00:SCAN KUDU [functional_kudu.zipcode_incomes]
     kudu predicates: id = '8600000US00601'
     mem-estimate=0B mem-reservation=0B
     tuple-ids=0 row-size=124B cardinality=1
====
# The cardinality from "zip = '2'" should dominate.
select * from functional_kudu.zipcode_incomes where id != '1' and zip = '2'
---- PLAN
F00:PLAN FRAGMENT [UNPARTITIONED] hosts=1 instances=1
  PLAN-ROOT SINK
  |  mem-estimate=0B mem-reservation=0B
  |
  00:SCAN KUDU [functional_kudu.zipcode_incomes]
     predicates: id != '1'
     kudu predicates: zip = '2'
     mem-estimate=0B mem-reservation=0B
     tuple-ids=0 row-size=124B cardinality=1
---- DISTRIBUTEDPLAN
F01:PLAN FRAGMENT [UNPARTITIONED] hosts=1 instances=1
  PLAN-ROOT SINK
  |  mem-estimate=0B mem-reservation=0B
  |
  01:EXCHANGE [UNPARTITIONED]
     mem-estimate=0B mem-reservation=0B
     tuple-ids=0 row-size=124B cardinality=1

F00:PLAN FRAGMENT [RANDOM] hosts=3 instances=3
  DATASTREAM SINK [FRAGMENT=F01, EXCHANGE=01, UNPARTITIONED]
  |  mem-estimate=0B mem-reservation=0B
  00:SCAN KUDU [functional_kudu.zipcode_incomes]
     predicates: id != '1'
     kudu predicates: zip = '2'
     mem-estimate=0B mem-reservation=0B
     tuple-ids=0 row-size=124B cardinality=1
====
select * from functional_kudu.zipcode_incomes where id > '1' and zip > '2'
---- PLAN
F00:PLAN FRAGMENT [UNPARTITIONED] hosts=1 instances=1
  PLAN-ROOT SINK
  |  mem-estimate=0B mem-reservation=0B
  |
  00:SCAN KUDU [functional_kudu.zipcode_incomes]
     kudu predicates: zip > '2', id > '1'
     mem-estimate=0B mem-reservation=0B
     tuple-ids=0 row-size=124B cardinality=3317
---- DISTRIBUTEDPLAN
F01:PLAN FRAGMENT [UNPARTITIONED] hosts=1 instances=1
  PLAN-ROOT SINK
  |  mem-estimate=0B mem-reservation=0B
  |
  01:EXCHANGE [UNPARTITIONED]
     mem-estimate=0B mem-reservation=0B
     tuple-ids=0 row-size=124B cardinality=3317

F00:PLAN FRAGMENT [RANDOM] hosts=3 instances=3
  DATASTREAM SINK [FRAGMENT=F01, EXCHANGE=01, UNPARTITIONED]
  |  mem-estimate=0B mem-reservation=0B
  00:SCAN KUDU [functional_kudu.zipcode_incomes]
     kudu predicates: zip > '2', id > '1'
     mem-estimate=0B mem-reservation=0B
     tuple-ids=0 row-size=124B cardinality=3317
====
select * from functional_kudu.zipcode_incomes where id = '1' or id = '2'
---- PLAN
F00:PLAN FRAGMENT [UNPARTITIONED] hosts=1 instances=1
  PLAN-ROOT SINK
  |  mem-estimate=0B mem-reservation=0B
  |
  00:SCAN KUDU [functional_kudu.zipcode_incomes]
     predicates: id = '1' OR id = '2'
     mem-estimate=0B mem-reservation=0B
     tuple-ids=0 row-size=124B cardinality=2
---- DISTRIBUTEDPLAN
F01:PLAN FRAGMENT [UNPARTITIONED] hosts=1 instances=1
  PLAN-ROOT SINK
  |  mem-estimate=0B mem-reservation=0B
  |
  01:EXCHANGE [UNPARTITIONED]
     mem-estimate=0B mem-reservation=0B
     tuple-ids=0 row-size=124B cardinality=2

F00:PLAN FRAGMENT [RANDOM] hosts=3 instances=3
  DATASTREAM SINK [FRAGMENT=F01, EXCHANGE=01, UNPARTITIONED]
  |  mem-estimate=0B mem-reservation=0B
  00:SCAN KUDU [functional_kudu.zipcode_incomes]
     predicates: id = '1' OR id = '2'
     mem-estimate=0B mem-reservation=0B
     tuple-ids=0 row-size=124B cardinality=2
====
select * from functional_kudu.alltypes where
-- predicates that can be pushed
tinyint_col in (1, 2) and
smallint_col in (false, 2) and
int_col in (true, 2) and
bigint_col in (1, 2) and
bool_col in (true) and
float_col in (0.0) and
double_col in (0.0) and
string_col in ("foo", cast("foo" as char(10))) and

-- predicates that cannot be pushed because the SlotRef is wrapped in a cast
tinyint_col in (1, 999) and
smallint_col in (99999, 2) and
int_col in (9999999999) and
bigint_col in (9999999999999999999) and
bool_col in (1) and
float_col in (cast('NaN' as float)) and
double_col in (cast('inf' as double)) and

-- 'NOT IN' and lists containing slotrefs cannot be pushed
string_col not in ("bar") and
id in (int_col)
---- PLAN
F00:PLAN FRAGMENT [UNPARTITIONED] hosts=1 instances=1
  PLAN-ROOT SINK
  |  mem-estimate=0B mem-reservation=0B
  |
  00:SCAN KUDU [functional_kudu.alltypes]
     predicates: id IN (int_col), string_col NOT IN ('bar'), bigint_col IN (9999999999999999999), double_col IN (CAST('inf' AS DOUBLE)), float_col IN (CAST('NaN' AS FLOAT)), int_col IN (9999999999), smallint_col IN (99999, 2), tinyint_col IN (1, 999), bool_col IN (1)
     kudu predicates: double_col IN (0.0), float_col IN (0.0), bigint_col IN (1, 2), int_col IN (1, 2), smallint_col IN (0, 2), string_col IN ('foo', 'foo       '), tinyint_col IN (1, 2), bool_col IN (TRUE)
     mem-estimate=0B mem-reservation=0B
     tuple-ids=0 row-size=126B cardinality=4
====
select * from functional_kudu.alltypes where
tinyint_col is not null and
smallint_col is null and
cast(date_string_col as tinyint) is null
---- PLAN
F00:PLAN FRAGMENT [UNPARTITIONED] hosts=1 instances=1
  PLAN-ROOT SINK
  |  mem-estimate=0B mem-reservation=0B
  |
  00:SCAN KUDU [functional_kudu.alltypes]
     predicates: CAST(date_string_col AS TINYINT) IS NULL
     kudu predicates: smallint_col IS NULL, tinyint_col IS NOT NULL
     mem-estimate=0B mem-reservation=0B
     tuple-ids=0 row-size=126B cardinality=730
====
